<?xml version="1.0" encoding="UTF-8"?>
<!-- Generated by org.testng.reporters.JUnitReportReporter -->
<testsuite hostname="DELLDELL" failures="0" tests="1" name="com.qa.rest.tests.DeleteUserTest" time="0.784" errors="0" timestamp="2021-04-05T18:29:38 IST" skipped="0">
  <testcase classname="com.qa.rest.tests.DeleteUserTest" name="testDeleteUserTest" time="0.784"/>
  <system-out/>
</testsuite> <!-- com.qa.rest.tests.DeleteUserTest -->
