<?xml version="1.0" encoding="UTF-8"?>
<!-- Generated by org.testng.reporters.JUnitReportReporter -->
<testsuite hostname="DELLDELL" failures="0" tests="1" name="com.qa.rest.tests.RenameUserTest" time="2.741" errors="0" timestamp="2021-04-05T14:53:57 IST" skipped="0">
  <testcase classname="com.qa.rest.tests.RenameUserTest" name="testRenameUserTest" time="2.741"/>
  <system-out/>
</testsuite> <!-- com.qa.rest.tests.RenameUserTest -->
