<?xml version="1.0" encoding="UTF-8"?>
<!-- Generated by org.testng.reporters.JUnitReportReporter -->
<testsuite hostname="DELLDELL" failures="0" tests="1" name="com.qa.rest.tests.CreatePostCommentTest" time="5.769" errors="0" timestamp="2021-04-05T17:43:17 IST" skipped="0">
  <testcase classname="com.qa.rest.tests.CreatePostCommentTest" name="testCreatePostCommentTest" time="5.769"/>
  <system-out/>
</testsuite> <!-- com.qa.rest.tests.CreatePostCommentTest -->
