<?xml version="1.0" encoding="UTF-8"?>
<!-- Generated by org.testng.reporters.JUnitReportReporter -->
<testsuite hostname="DELLDELL" failures="0" tests="1" name="com.qa.rest.tests.CreateNewUserTest" time="5.910" errors="0" timestamp="2021-04-05T13:43:01 IST" skipped="0">
  <testcase classname="com.qa.rest.tests.CreateNewUserTest" name="testCreateNewUser" time="5.910"/>
  <system-out/>
</testsuite> <!-- com.qa.rest.tests.CreateNewUserTest -->
